app/build/outputs/logs/manifest-merger-debug-report.txt
-- Merging decision tree log ---
manifest
ADDED from src\main\AndroidManifest.xml:2:1-194:12
	xmlns:android
		ADDED from src\main\AndroidManifest.xml:2:11-69
	package
		ADDED from src\main\AndroidManifest.xml:3:5-39
		INJECTED from src\main\AndroidManifest.xml
		INJECTED from src\main\AndroidManifest.xml
	android:versionName
		INJECTED from src\main\AndroidManifest.xml
		INJECTED from src\main\AndroidManifest.xml
	android:versionCode
		INJECTED from src\main\AndroidManifest.xml
		INJECTED from src\main\AndroidManifest.xml
uses-permission#android.permission.CALL_PHONE
ADDED from src\main\AndroidManifest.xml:5:5-69
	android:name
		ADDED from src\main\AndroidManifest.xml:5:22-66
uses-permission#android.permission.ACCESS_COARSE_LOCATION
ADDED from src\main\AndroidManifest.xml:6:5-81
	android:name
		ADDED from src\main\AndroidManifest.xml:6:22-78
uses-permission#android.permission.ACCESS_FINE_LOCATION
ADDED from src\main\AndroidManifest.xml:7:5-79
	android:name
		ADDED from src\main\AndroidManifest.xml:7:22-76
uses-permission#android.permission.ACCESS_LOCATION_EXTRA_COMMANDS
ADDED from src\main\AndroidManifest.xml:8:5-88
	android:name
		ADDED from src\main\AndroidManifest.xml:8:22-86
uses-permission#android.permission.ACCESS_NETWORK_STATE
ADDED from src\main\AndroidManifest.xml:9:5-79
	android:name
		ADDED from src\main\AndroidManifest.xml:9:22-76
uses-permission#android.permission.INTERNET
ADDED from src\main\AndroidManifest.xml:10:5-67
	android:name
		ADDED from src\main\AndroidManifest.xml:10:22-64
uses-permission#android.permission.READ_PHONE_STATE
ADDED from src\main\AndroidManifest.xml:11:5-75
	android:name
		ADDED from src\main\AndroidManifest.xml:11:22-72
uses-permission#android.permission.VIBRATE
ADDED from src\main\AndroidManifest.xml:12:5-66
	android:name
		ADDED from src\main\AndroidManifest.xml:12:22-63
uses-permission#android.permission.WAKE_LOCK
ADDED from src\main\AndroidManifest.xml:13:5-68
	android:name
		ADDED from src\main\AndroidManifest.xml:13:22-65
uses-permission#android.permission.WRITE_EXTERNAL_STORAGE
ADDED from src\main\AndroidManifest.xml:14:5-81
	android:name
		ADDED from src\main\AndroidManifest.xml:14:22-78
uses-permission#com.example.mapdemo.permission.MAPS_RECEIVE
ADDED from src\main\AndroidManifest.xml:15:5-82
	android:name
		ADDED from src\main\AndroidManifest.xml:15:22-80
uses-permission#com.google.android.c2dm.permission.RECEIVE
ADDED from src\main\AndroidManifest.xml:16:5-82
	android:name
		ADDED from src\main\AndroidManifest.xml:16:22-79
uses-permission#com.google.android.providers.gsf.permission.READ_GSERVICES
ADDED from src\main\AndroidManifest.xml:17:5-98
	android:name
		ADDED from src\main\AndroidManifest.xml:17:22-95
uses-permission#com.packagename.permission.MAPS_RECEIVE
ADDED from src\main\AndroidManifest.xml:18:5-115
	android:protectionLevel
		ADDED from src\main\AndroidManifest.xml:18:78-113
	android:name
		ADDED from src\main\AndroidManifest.xml:18:22-76
uses-permission#com.YozziBeens.danisanc.rivostaxitaxiversion.permission.C2D_MESSAGE
ADDED from src\main\AndroidManifest.xml:19:5-107
	android:name
		ADDED from src\main\AndroidManifest.xml:19:22-104
permission#com.packagename.permission.MAPS_RECEIVE
ADDED from src\main\AndroidManifest.xml:20:5-110
	android:protectionLevel
		ADDED from src\main\AndroidManifest.xml:20:72-107
	android:name
		ADDED from src\main\AndroidManifest.xml:20:17-71
permission#com.YozziBeens.danisanc.rivostaxitaxiversion.permission.C2D_MESSAGE
ADDED from src\main\AndroidManifest.xml:21:5-138
	android:protectionLevel
		ADDED from src\main\AndroidManifest.xml:21:100-135
	android:name
		ADDED from src\main\AndroidManifest.xml:21:17-99
uses-feature#0x00020000
ADDED from src\main\AndroidManifest.xml:24:5-26:35
	android:required
		ADDED from src\main\AndroidManifest.xml:26:9-32
	android:glEsVersion
		ADDED from src\main\AndroidManifest.xml:25:9-41
application
ADDED from src\main\AndroidManifest.xml:28:5-192:19
MERGED from [com.android.support:design:23.1.1] AndroidManifest.xml:22:5-20
MERGED from [com.android.support:appcompat-v7:23.1.1] AndroidManifest.xml:22:5-20
MERGED from [com.android.support:support-v4:23.1.1] AndroidManifest.xml:22:5-20
MERGED from [com.android.support:support-v4:23.1.1] AndroidManifest.xml:22:5-20
MERGED from [com.android.support:support-v4:23.1.1] AndroidManifest.xml:22:5-20
MERGED from [com.android.support:appcompat-v7:23.1.1] AndroidManifest.xml:22:5-20
MERGED from [com.android.support:support-v4:23.1.1] AndroidManifest.xml:22:5-20
MERGED from [com.android.support:appcompat-v7:23.1.1] AndroidManifest.xml:22:5-20
MERGED from [com.android.support:support-v4:23.1.1] AndroidManifest.xml:22:5-20
MERGED from [com.android.support:support-v4:23.1.1] AndroidManifest.xml:22:5-20
MERGED from [com.balysv:material-ripple:1.0.2] AndroidManifest.xml:12:5-20
MERGED from [com.facebook.android:facebook-android-sdk:4.9.0] AndroidManifest.xml:28:5-20
MERGED from [com.android.support:support-v4:23.1.1] AndroidManifest.xml:22:5-20
MERGED from [com.android.support:cardview-v7:23.1.1] AndroidManifest.xml:22:5-20
MERGED from [com.google.android.gms:play-services:7.3.0] AndroidManifest.xml:19:5-20
MERGED from [com.google.android.gms:play-services-ads:7.3.0] AndroidManifest.xml:19:5-20
MERGED from [com.google.android.gms:play-services-base:7.3.0] AndroidManifest.xml:20:5-24:19
MERGED from [com.android.support:support-v4:23.1.1] AndroidManifest.xml:22:5-20
MERGED from [com.google.android.gms:play-services-analytics:7.3.0] AndroidManifest.xml:19:5-20
MERGED from [com.google.android.gms:play-services-base:7.3.0] AndroidManifest.xml:20:5-24:19
MERGED from [com.android.support:support-v4:23.1.1] AndroidManifest.xml:22:5-20
MERGED from [com.google.android.gms:play-services-analytics:7.3.0] AndroidManifest.xml:19:5-20
MERGED from [com.google.android.gms:play-services-base:7.3.0] AndroidManifest.xml:20:5-24:19
MERGED from [com.android.support:support-v4:23.1.1] AndroidManifest.xml:22:5-20
MERGED from [com.google.android.gms:play-services-appindexing:7.3.0] AndroidManifest.xml:19:5-20
MERGED from [com.google.android.gms:play-services-base:7.3.0] AndroidManifest.xml:20:5-24:19
MERGED from [com.android.support:support-v4:23.1.1] AndroidManifest.xml:22:5-20
MERGED from [com.google.android.gms:play-services-appinvite:7.3.0] AndroidManifest.xml:19:5-20
MERGED from [com.google.android.gms:play-services-base:7.3.0] AndroidManifest.xml:20:5-24:19
MERGED from [com.android.support:support-v4:23.1.1] AndroidManifest.xml:22:5-20
MERGED from [com.google.android.gms:play-services-appstate:7.3.0] AndroidManifest.xml:19:5-20
MERGED from [com.google.android.gms:play-services-base:7.3.0] AndroidManifest.xml:20:5-24:19
MERGED from [com.android.support:support-v4:23.1.1] AndroidManifest.xml:22:5-20
MERGED from [com.google.android.gms:play-services-base:7.3.0] AndroidManifest.xml:20:5-24:19
MERGED from [com.android.support:support-v4:23.1.1] AndroidManifest.xml:22:5-20
MERGED from [com.google.android.gms:play-services-cast:7.3.0] AndroidManifest.xml:19:5-20
MERGED from [com.google.android.gms:play-services-base:7.3.0] AndroidManifest.xml:20:5-24:19
MERGED from [com.android.support:support-v4:23.1.1] AndroidManifest.xml:22:5-20
MERGED from [com.google.android.gms:play-services-drive:7.3.0] AndroidManifest.xml:19:5-20
MERGED from [com.google.android.gms:play-services-base:7.3.0] AndroidManifest.xml:20:5-24:19
MERGED from [com.android.support:support-v4:23.1.1] AndroidManifest.xml:22:5-20
MERGED from [com.google.android.gms:play-services-fitness:7.3.0] AndroidManifest.xml:19:5-20
MERGED from [com.google.android.gms:play-services-base:7.3.0] AndroidManifest.xml:20:5-24:19
MERGED from [com.android.support:support-v4:23.1.1] AndroidManifest.xml:22:5-20
MERGED from [com.google.android.gms:play-services-location:7.3.0] AndroidManifest.xml:19:5-20
MERGED from [com.google.android.gms:play-services-base:7.3.0] AndroidManifest.xml:20:5-24:19
MERGED from [com.android.support:support-v4:23.1.1] AndroidManifest.xml:22:5-20
MERGED from [com.google.android.gms:play-services-maps:7.3.0] AndroidManifest.xml:19:5-20
MERGED from [com.google.android.gms:play-services-base:7.3.0] AndroidManifest.xml:20:5-24:19
MERGED from [com.android.support:support-v4:23.1.1] AndroidManifest.xml:22:5-20
MERGED from [com.google.android.gms:play-services-games:7.3.0] AndroidManifest.xml:19:5-20
MERGED from [com.google.android.gms:play-services-base:7.3.0] AndroidManifest.xml:20:5-24:19
MERGED from [com.android.support:support-v4:23.1.1] AndroidManifest.xml:22:5-20
MERGED from [com.google.android.gms:play-services-drive:7.3.0] AndroidManifest.xml:19:5-20
MERGED from [com.google.android.gms:play-services-base:7.3.0] AndroidManifest.xml:20:5-24:19
MERGED from [com.android.support:support-v4:23.1.1] AndroidManifest.xml:22:5-20
MERGED from [com.google.android.gms:play-services-gcm:7.3.0] AndroidManifest.xml:19:5-20
MERGED from [com.google.android.gms:play-services-base:7.3.0] AndroidManifest.xml:20:5-24:19
MERGED from [com.android.support:support-v4:23.1.1] AndroidManifest.xml:22:5-20
MERGED from [com.google.android.gms:play-services-identity:7.3.0] AndroidManifest.xml:19:5-20
MERGED from [com.google.android.gms:play-services-base:7.3.0] AndroidManifest.xml:20:5-24:19
MERGED from [com.android.support:support-v4:23.1.1] AndroidManifest.xml:22:5-20
MERGED from [com.google.android.gms:play-services-location:7.3.0] AndroidManifest.xml:19:5-20
MERGED from [com.google.android.gms:play-services-base:7.3.0] AndroidManifest.xml:20:5-24:19
MERGED from [com.android.support:support-v4:23.1.1] AndroidManifest.xml:22:5-20
MERGED from [com.google.android.gms:play-services-maps:7.3.0] AndroidManifest.xml:19:5-20
MERGED from [com.google.android.gms:play-services-base:7.3.0] AndroidManifest.xml:20:5-24:19
MERGED from [com.android.support:support-v4:23.1.1] AndroidManifest.xml:22:5-20
MERGED from [com.google.android.gms:play-services-maps:7.3.0] AndroidManifest.xml:19:5-20
MERGED from [com.google.android.gms:play-services-base:7.3.0] AndroidManifest.xml:20:5-24:19
MERGED from [com.android.support:support-v4:23.1.1] AndroidManifest.xml:22:5-20
MERGED from [com.google.android.gms:play-services-nearby:7.3.0] AndroidManifest.xml:19:5-20
MERGED from [com.google.android.gms:play-services-base:7.3.0] AndroidManifest.xml:20:5-24:19
MERGED from [com.android.support:support-v4:23.1.1] AndroidManifest.xml:22:5-20
MERGED from [com.google.android.gms:play-services-panorama:7.3.0] AndroidManifest.xml:19:5-20
MERGED from [com.google.android.gms:play-services-base:7.3.0] AndroidManifest.xml:20:5-24:19
MERGED from [com.android.support:support-v4:23.1.1] AndroidManifest.xml:22:5-20
MERGED from [com.google.android.gms:play-services-plus:7.3.0] AndroidManifest.xml:19:5-20
MERGED from [com.google.android.gms:play-services-base:7.3.0] AndroidManifest.xml:20:5-24:19
MERGED from [com.android.support:support-v4:23.1.1] AndroidManifest.xml:22:5-20
MERGED from [com.google.android.gms:play-services-safetynet:7.3.0] AndroidManifest.xml:19:5-20
MERGED from [com.google.android.gms:play-services-base:7.3.0] AndroidManifest.xml:20:5-24:19
MERGED from [com.android.support:support-v4:23.1.1] AndroidManifest.xml:22:5-20
MERGED from [com.google.android.gms:play-services-wallet:7.3.0] AndroidManifest.xml:19:5-20
MERGED from [com.google.android.gms:play-services-base:7.3.0] AndroidManifest.xml:20:5-24:19
MERGED from [com.android.support:support-v4:23.1.1] AndroidManifest.xml:22:5-20
MERGED from [com.google.android.gms:play-services-identity:7.3.0] AndroidManifest.xml:19:5-20
MERGED from [com.google.android.gms:play-services-base:7.3.0] AndroidManifest.xml:20:5-24:19
MERGED from [com.android.support:support-v4:23.1.1] AndroidManifest.xml:22:5-20
MERGED from [com.google.android.gms:play-services-maps:7.3.0] AndroidManifest.xml:19:5-20
MERGED from [com.google.android.gms:play-services-base:7.3.0] AndroidManifest.xml:20:5-24:19
MERGED from [com.android.support:support-v4:23.1.1] AndroidManifest.xml:22:5-20
MERGED from [com.google.android.gms:play-services-wearable:7.3.0] AndroidManifest.xml:19:5-20
MERGED from [com.google.android.gms:play-services-base:7.3.0] AndroidManifest.xml:20:5-24:19
MERGED from [com.android.support:support-v4:23.1.1] AndroidManifest.xml:22:5-20
MERGED from [com.google.maps.android:android-maps-utils:0.3.4] AndroidManifest.xml:7:5-20
MERGED from [RivosAndroid:conektasdk:unspecified] AndroidManifest.xml:11:5-15:19
MERGED from [com.android.support:appcompat-v7:23.1.1] AndroidManifest.xml:22:5-20
MERGED from [com.android.support:support-v4:23.1.1] AndroidManifest.xml:22:5-20
	android:supportsRtl
		ADDED from src\main\AndroidManifest.xml:32:9-35
	android:label
		ADDED from src\main\AndroidManifest.xml:31:9-41
	android:allowBackup
		ADDED from src\main\AndroidManifest.xml:29:9-35
	android:icon
		ADDED from src\main\AndroidManifest.xml:30:9-43
	android:theme
		ADDED from src\main\AndroidManifest.xml:33:9-40
meta-data#com.google.android.gms.version
ADDED from src\main\AndroidManifest.xml:35:9-37:68
MERGED from [com.google.android.gms:play-services-base:7.3.0] AndroidManifest.xml:21:9-23:69
MERGED from [com.google.android.gms:play-services-base:7.3.0] AndroidManifest.xml:21:9-23:69
MERGED from [com.google.android.gms:play-services-base:7.3.0] AndroidManifest.xml:21:9-23:69
MERGED from [com.google.android.gms:play-services-base:7.3.0] AndroidManifest.xml:21:9-23:69
MERGED from [com.google.android.gms:play-services-base:7.3.0] AndroidManifest.xml:21:9-23:69
MERGED from [com.google.android.gms:play-services-base:7.3.0] AndroidManifest.xml:21:9-23:69
MERGED from [com.google.android.gms:play-services-base:7.3.0] AndroidManifest.xml:21:9-23:69
MERGED from [com.google.android.gms:play-services-base:7.3.0] AndroidManifest.xml:21:9-23:69
MERGED from [com.google.android.gms:play-services-base:7.3.0] AndroidManifest.xml:21:9-23:69
MERGED from [com.google.android.gms:play-services-base:7.3.0] AndroidManifest.xml:21:9-23:69
MERGED from [com.google.android.gms:play-services-base:7.3.0] AndroidManifest.xml:21:9-23:69
MERGED from [com.google.android.gms:play-services-base:7.3.0] AndroidManifest.xml:21:9-23:69
MERGED from [com.google.android.gms:play-services-base:7.3.0] AndroidManifest.xml:21:9-23:69
MERGED from [com.google.android.gms:play-services-base:7.3.0] AndroidManifest.xml:21:9-23:69
MERGED from [com.google.android.gms:play-services-base:7.3.0] AndroidManifest.xml:21:9-23:69
MERGED from [com.google.android.gms:play-services-base:7.3.0] AndroidManifest.xml:21:9-23:69
MERGED from [com.google.android.gms:play-services-base:7.3.0] AndroidManifest.xml:21:9-23:69
MERGED from [com.google.android.gms:play-services-base:7.3.0] AndroidManifest.xml:21:9-23:69
MERGED from [com.google.android.gms:play-services-base:7.3.0] AndroidManifest.xml:21:9-23:69
MERGED from [com.google.android.gms:play-services-base:7.3.0] AndroidManifest.xml:21:9-23:69
MERGED from [com.google.android.gms:play-services-base:7.3.0] AndroidManifest.xml:21:9-23:69
MERGED from [com.google.android.gms:play-services-base:7.3.0] AndroidManifest.xml:21:9-23:69
MERGED from [com.google.android.gms:play-services-base:7.3.0] AndroidManifest.xml:21:9-23:69
MERGED from [com.google.android.gms:play-services-base:7.3.0] AndroidManifest.xml:21:9-23:69
MERGED from [com.google.android.gms:play-services-base:7.3.0] AndroidManifest.xml:21:9-23:69
MERGED from [com.google.android.gms:play-services-base:7.3.0] AndroidManifest.xml:21:9-23:69
MERGED from [com.google.android.gms:play-services-base:7.3.0] AndroidManifest.xml:21:9-23:69
	android:name
		ADDED from src\main\AndroidManifest.xml:36:13-58
	android:value
		ADDED from src\main\AndroidManifest.xml:37:13-66
meta-data#com.google.android.geo.API_KEY
ADDED from src\main\AndroidManifest.xml:42:9-44:70
	android:name
		ADDED from src\main\AndroidManifest.xml:43:13-58
	android:value
		ADDED from src\main\AndroidManifest.xml:44:13-68
meta-data#com.facebook.sdk.ApplicationId
ADDED from src\main\AndroidManifest.xml:46:9-107
	android:name
		ADDED from src\main\AndroidManifest.xml:46:20-65
	android:value
		ADDED from src\main\AndroidManifest.xml:46:66-105
activity#com.yozzibeens.rivostaxi.app.Splash
ADDED from src\main\AndroidManifest.xml:47:9-56:20
	android:screenOrientation
		ADDED from src\main\AndroidManifest.xml:50:13-49
	android:label
		ADDED from src\main\AndroidManifest.xml:49:13-45
	android:theme
		ADDED from src\main\AndroidManifest.xml:51:13-44
	android:name
		ADDED from src\main\AndroidManifest.xml:48:13-39
intent-filter#android.intent.action.MAIN+android.intent.category.LAUNCHER
ADDED from src\main\AndroidManifest.xml:52:13-55:29
action#android.intent.action.MAIN
ADDED from src\main\AndroidManifest.xml:53:17-69
	android:name
		ADDED from src\main\AndroidManifest.xml:53:25-66
category#android.intent.category.LAUNCHER
ADDED from src\main\AndroidManifest.xml:54:17-77
	android:name
		ADDED from src\main\AndroidManifest.xml:54:27-74
activity#com.facebook.FacebookActivity
ADDED from src\main\AndroidManifest.xml:58:9-62:48
	android:label
		ADDED from src\main\AndroidManifest.xml:62:13-45
	android:configChanges
		ADDED from src\main\AndroidManifest.xml:59:13-114
	android:theme
		ADDED from src\main\AndroidManifest.xml:61:13-72
	android:name
		ADDED from src\main\AndroidManifest.xml:58:19-63
provider#com.facebook.FacebookContentProvider
ADDED from src\main\AndroidManifest.xml:64:9-66:39
	android:exported
		ADDED from src\main\AndroidManifest.xml:66:13-36
	android:authorities
		ADDED from src\main\AndroidManifest.xml:64:19-85
	android:name
		ADDED from src\main\AndroidManifest.xml:65:13-64
activity#com.yozzibeens.rivostaxi.app.Main
ADDED from src\main\AndroidManifest.xml:69:9-72:66
	android:windowSoftInputMode
		ADDED from src\main\AndroidManifest.xml:72:13-54
	android:label
		ADDED from src\main\AndroidManifest.xml:70:13-38
	android:name
		ADDED from src\main\AndroidManifest.xml:71:13-37
activity#com.yozzibeens.rivostaxi.tutorial.TutorialActivity
ADDED from src\main\AndroidManifest.xml:74:9-77:66
	android:windowSoftInputMode
		ADDED from src\main\AndroidManifest.xml:77:13-54
	android:label
		ADDED from src\main\AndroidManifest.xml:75:13-37
	android:name
		ADDED from src\main\AndroidManifest.xml:76:13-54
activity#com.yozzibeens.rivostaxi.app.Login
ADDED from src\main\AndroidManifest.xml:79:9-82:66
	android:windowSoftInputMode
		ADDED from src\main\AndroidManifest.xml:82:13-54
	android:label
		ADDED from src\main\AndroidManifest.xml:80:13-34
	android:name
		ADDED from src\main\AndroidManifest.xml:81:13-38
activity#com.yozzibeens.rivostaxi.app.Registro
ADDED from src\main\AndroidManifest.xml:84:9-87:66
	android:windowSoftInputMode
		ADDED from src\main\AndroidManifest.xml:87:13-54
	android:label
		ADDED from src\main\AndroidManifest.xml:85:13-37
	android:name
		ADDED from src\main\AndroidManifest.xml:86:13-41
activity#com.yozzibeens.rivostaxi.app.TerminosCondiciones
ADDED from src\main\AndroidManifest.xml:89:9-92:66
	android:windowSoftInputMode
		ADDED from src\main\AndroidManifest.xml:92:13-54
	android:label
		ADDED from src\main\AndroidManifest.xml:90:13-51
	android:name
		ADDED from src\main\AndroidManifest.xml:91:13-52
activity#com.yozzibeens.rivostaxi.actividades.Ayuda.Nav_Ayuda
ADDED from src\main\AndroidManifest.xml:94:9-97:66
	android:windowSoftInputMode
		ADDED from src\main\AndroidManifest.xml:97:13-54
	android:label
		ADDED from src\main\AndroidManifest.xml:95:13-34
	android:name
		ADDED from src\main\AndroidManifest.xml:96:13-56
activity#com.yozzibeens.rivostaxi.actividades.Perfil.Nav_Perfil
ADDED from src\main\AndroidManifest.xml:99:9-102:66
	android:windowSoftInputMode
		ADDED from src\main\AndroidManifest.xml:102:13-54
	android:label
		ADDED from src\main\AndroidManifest.xml:100:13-35
	android:name
		ADDED from src\main\AndroidManifest.xml:101:13-58
activity#com.yozzibeens.rivostaxi.actividades.Historial.Nav_Historial
ADDED from src\main\AndroidManifest.xml:104:9-107:66
	android:windowSoftInputMode
		ADDED from src\main\AndroidManifest.xml:107:13-54
	android:label
		ADDED from src\main\AndroidManifest.xml:105:13-38
	android:name
		ADDED from src\main\AndroidManifest.xml:106:13-64
activity#com.yozzibeens.rivostaxi.actividades.Favoritos.Nav_Favoritos
ADDED from src\main\AndroidManifest.xml:109:9-112:66
	android:windowSoftInputMode
		ADDED from src\main\AndroidManifest.xml:112:13-54
	android:label
		ADDED from src\main\AndroidManifest.xml:110:13-38
	android:name
		ADDED from src\main\AndroidManifest.xml:111:13-64
activity#com.yozzibeens.rivostaxi.actividades.Reservaciones.Nav_Reservaciones
ADDED from src\main\AndroidManifest.xml:114:9-117:66
	android:windowSoftInputMode
		ADDED from src\main\AndroidManifest.xml:117:13-54
	android:label
		ADDED from src\main\AndroidManifest.xml:115:13-42
	android:name
		ADDED from src\main\AndroidManifest.xml:116:13-72
activity#com.yozzibeens.rivostaxi.app.PreguntasFrecuentes
ADDED from src\main\AndroidManifest.xml:119:9-122:66
	android:windowSoftInputMode
		ADDED from src\main\AndroidManifest.xml:122:13-54
	android:label
		ADDED from src\main\AndroidManifest.xml:120:13-49
	android:name
		ADDED from src\main\AndroidManifest.xml:121:13-52
activity#com.yozzibeens.rivostaxi.actividades.Perfil.Data_In
ADDED from src\main\AndroidManifest.xml:124:9-127:66
	android:windowSoftInputMode
		ADDED from src\main\AndroidManifest.xml:127:13-54
	android:label
		ADDED from src\main\AndroidManifest.xml:125:13-44
	android:name
		ADDED from src\main\AndroidManifest.xml:126:13-55
activity#com.yozzibeens.rivostaxi.actividades.Perfil.DataInActivity
ADDED from src\main\AndroidManifest.xml:129:9-132:66
	android:windowSoftInputMode
		ADDED from src\main\AndroidManifest.xml:132:13-54
	android:label
		ADDED from src\main\AndroidManifest.xml:130:13-44
	android:name
		ADDED from src\main\AndroidManifest.xml:131:13-62
activity#com.yozzibeens.rivostaxi.actividades.Historial.Historial_Detalle
ADDED from src\main\AndroidManifest.xml:134:9-137:66
	android:windowSoftInputMode
		ADDED from src\main\AndroidManifest.xml:137:13-54
	android:label
		ADDED from src\main\AndroidManifest.xml:135:13-46
	android:name
		ADDED from src\main\AndroidManifest.xml:136:13-68
activity#com.yozzibeens.rivostaxi.actividades.Favoritos.Agregar_Taxista_Favorito
ADDED from src\main\AndroidManifest.xml:139:9-142:66
	android:windowSoftInputMode
		ADDED from src\main\AndroidManifest.xml:142:13-54
	android:label
		ADDED from src\main\AndroidManifest.xml:140:13-44
	android:name
		ADDED from src\main\AndroidManifest.xml:141:13-75
activity#com.yozzibeens.rivostaxi.actividades.Favoritos.Agregar_Lugar_Favorito
ADDED from src\main\AndroidManifest.xml:144:9-147:66
	android:windowSoftInputMode
		ADDED from src\main\AndroidManifest.xml:147:13-54
	android:label
		ADDED from src\main\AndroidManifest.xml:145:13-42
	android:name
		ADDED from src\main\AndroidManifest.xml:146:13-73
activity#com.yozzibeens.rivostaxi.actividades.Solicitar.Detalles_Solicitud
ADDED from src\main\AndroidManifest.xml:149:9-152:66
	android:windowSoftInputMode
		ADDED from src\main\AndroidManifest.xml:152:13-54
	android:label
		ADDED from src\main\AndroidManifest.xml:150:13-47
	android:name
		ADDED from src\main\AndroidManifest.xml:151:13-69
activity#com.yozzibeens.rivostaxi.actividades.Solicitar.Compra_Final
ADDED from src\main\AndroidManifest.xml:154:9-157:66
	android:windowSoftInputMode
		ADDED from src\main\AndroidManifest.xml:157:13-54
	android:label
		ADDED from src\main\AndroidManifest.xml:155:13-42
	android:name
		ADDED from src\main\AndroidManifest.xml:156:13-63
activity#com.yozzibeens.rivostaxi.actividades.Proceso.Nav_Proceso
ADDED from src\main\AndroidManifest.xml:159:9-162:66
	android:windowSoftInputMode
		ADDED from src\main\AndroidManifest.xml:162:13-54
	android:label
		ADDED from src\main\AndroidManifest.xml:160:13-39
	android:name
		ADDED from src\main\AndroidManifest.xml:161:13-60
activity#com.yozzibeens.rivostaxi.actividades.Proceso.Pending_History_Details
ADDED from src\main\AndroidManifest.xml:164:9-167:66
	android:windowSoftInputMode
		ADDED from src\main\AndroidManifest.xml:167:13-54
	android:label
		ADDED from src\main\AndroidManifest.xml:165:13-46
	android:name
		ADDED from src\main\AndroidManifest.xml:166:13-72
activity#com.yozzibeens.rivostaxi.app.AcercaDe
ADDED from src\main\AndroidManifest.xml:169:9-172:66
	android:windowSoftInputMode
		ADDED from src\main\AndroidManifest.xml:172:13-54
	android:label
		ADDED from src\main\AndroidManifest.xml:170:13-38
	android:name
		ADDED from src\main\AndroidManifest.xml:171:13-41
activity#com.yozzibeens.rivostaxi.actividades.Solicitar.Form
ADDED from src\main\AndroidManifest.xml:174:9-177:66
	android:windowSoftInputMode
		ADDED from src\main\AndroidManifest.xml:177:13-54
	android:label
		ADDED from src\main\AndroidManifest.xml:175:13-38
	android:name
		ADDED from src\main\AndroidManifest.xml:176:13-55
receiver#com.yozzibeens.rivostaxi.gcm.GcmBroadcastReceiver
ADDED from src\main\AndroidManifest.xml:180:9-188:20
	android:permission
		ADDED from src\main\AndroidManifest.xml:182:13-73
	android:name
		ADDED from src\main\AndroidManifest.xml:181:13-53
intent-filter#com.YozziBeens.danisanc.rivostaxitaxiversion+com.google.android.c2dm.intent.RECEIVE+com.google.android.c2dm.intent.REGISTRATION
ADDED from src\main\AndroidManifest.xml:183:13-187:29
action#com.google.android.c2dm.intent.RECEIVE
ADDED from src\main\AndroidManifest.xml:184:17-81
	android:name
		ADDED from src\main\AndroidManifest.xml:184:25-78
action#com.google.android.c2dm.intent.REGISTRATION
ADDED from src\main\AndroidManifest.xml:185:17-86
	android:name
		ADDED from src\main\AndroidManifest.xml:185:25-83
category#com.YozziBeens.danisanc.rivostaxitaxiversion
ADDED from src\main\AndroidManifest.xml:186:17-89
	android:name
		ADDED from src\main\AndroidManifest.xml:186:27-86
service#com.yozzibeens.rivostaxi.gcm.GCMNotificationIntentService
ADDED from src\main\AndroidManifest.xml:190:9-69
	android:name
		ADDED from src\main\AndroidManifest.xml:190:18-66
uses-sdk
INJECTED from src\main\AndroidManifest.xml reason: use-sdk injection requested
MERGED from [com.android.support:design:23.1.1] AndroidManifest.xml:20:5-43
MERGED from [com.android.support:appcompat-v7:23.1.1] AndroidManifest.xml:20:5-43
MERGED from [com.android.support:support-v4:23.1.1] AndroidManifest.xml:20:5-43
MERGED from [com.android.support:recyclerview-v7:23.1.1] AndroidManifest.xml:20:5-43
MERGED from [com.android.support:support-v4:23.1.1] AndroidManifest.xml:20:5-43
MERGED from [com.android.support:support-v4:23.1.1] AndroidManifest.xml:20:5-43
MERGED from [com.android.support:appcompat-v7:23.1.1] AndroidManifest.xml:20:5-43
MERGED from [com.android.support:support-v4:23.1.1] AndroidManifest.xml:20:5-43
MERGED from [com.rengwuxian.materialedittext:library:2.1.4] AndroidManifest.xml:6:5-8:41
MERGED from [com.android.support:appcompat-v7:23.1.1] AndroidManifest.xml:20:5-43
MERGED from [com.android.support:support-v4:23.1.1] AndroidManifest.xml:20:5-43
MERGED from [fr.baloomba:viewpagerindicator:2.4.2] AndroidManifest.xml:7:5-9:41
MERGED from [com.android.support:support-v4:23.1.1] AndroidManifest.xml:20:5-43
MERGED from [com.balysv:material-ripple:1.0.2] AndroidManifest.xml:8:5-10:41
MERGED from [com.facebook.android:facebook-android-sdk:4.9.0] AndroidManifest.xml:24:5-26:41
MERGED from [com.android.support:multidex:1.0.1] AndroidManifest.xml:18:5-42
MERGED from [com.android.support:support-v4:23.1.1] AndroidManifest.xml:20:5-43
MERGED from [com.android.support:cardview-v7:23.1.1] AndroidManifest.xml:20:5-43
MERGED from [com.google.android.gms:play-services:7.3.0] AndroidManifest.xml:18:5-42
MERGED from [com.google.android.gms:play-services-ads:7.3.0] AndroidManifest.xml:18:5-42
MERGED from [com.google.android.gms:play-services-base:7.3.0] AndroidManifest.xml:18:5-42
MERGED from [com.android.support:support-v4:23.1.1] AndroidManifest.xml:20:5-43
MERGED from [com.google.android.gms:play-services-analytics:7.3.0] AndroidManifest.xml:18:5-42
MERGED from [com.google.android.gms:play-services-base:7.3.0] AndroidManifest.xml:18:5-42
MERGED from [com.android.support:support-v4:23.1.1] AndroidManifest.xml:20:5-43
MERGED from [com.google.android.gms:play-services-analytics:7.3.0] AndroidManifest.xml:18:5-42
MERGED from [com.google.android.gms:play-services-base:7.3.0] AndroidManifest.xml:18:5-42
MERGED from [com.android.support:support-v4:23.1.1] AndroidManifest.xml:20:5-43
MERGED from [com.google.android.gms:play-services-appindexing:7.3.0] AndroidManifest.xml:18:5-42
MERGED from [com.google.android.gms:play-services-base:7.3.0] AndroidManifest.xml:18:5-42
MERGED from [com.android.support:support-v4:23.1.1] AndroidManifest.xml:20:5-43
MERGED from [com.google.android.gms:play-services-appinvite:7.3.0] AndroidManifest.xml:18:5-42
MERGED from [com.google.android.gms:play-services-base:7.3.0] AndroidManifest.xml:18:5-42
MERGED from [com.android.support:support-v4:23.1.1] AndroidManifest.xml:20:5-43
MERGED from [com.google.android.gms:play-services-appstate:7.3.0] AndroidManifest.xml:18:5-42
MERGED from [com.google.android.gms:play-services-base:7.3.0] AndroidManifest.xml:18:5-42
MERGED from [com.android.support:support-v4:23.1.1] AndroidManifest.xml:20:5-43
MERGED from [com.google.android.gms:play-services-base:7.3.0] AndroidManifest.xml:18:5-42
MERGED from [com.android.support:support-v4:23.1.1] AndroidManifest.xml:20:5-43
MERGED from [com.google.android.gms:play-services-cast:7.3.0] AndroidManifest.xml:18:5-42
MERGED from [com.google.android.gms:play-services-base:7.3.0] AndroidManifest.xml:18:5-42
MERGED from [com.android.support:support-v4:23.1.1] AndroidManifest.xml:20:5-43
MERGED from [com.google.android.gms:play-services-drive:7.3.0] AndroidManifest.xml:18:5-42
MERGED from [com.google.android.gms:play-services-base:7.3.0] AndroidManifest.xml:18:5-42
MERGED from [com.android.support:support-v4:23.1.1] AndroidManifest.xml:20:5-43
MERGED from [com.google.android.gms:play-services-fitness:7.3.0] AndroidManifest.xml:18:5-42